<?xml version="1.0" encoding="UTF-8"?>
<!-- Generated by org.testng.reporters.JUnitXMLReporter -->
<testsuite ignored="0" hostname="NSL-MPARTIDAs-MacBook-Pro.local" failures="0" tests="14" name="Default test" time="0.065" errors="0" timestamp="2020-11-26T15:19:30 CST">
  <testcase classname="challenge.agave.tests.LimitTestingTests" name="testing" time="0.005"/>
  <testcase classname="challenge.agave.tests.LimitTestingTests" name="testing" time="0.001"/>
  <testcase classname="challenge.agave.tests.LimitTestingTests" name="testing" time="0.0"/>
  <testcase classname="challenge.agave.tests.LimitTestingTests" name="testing" time="0.0"/>
  <testcase classname="challenge.agave.tests.LimitTestingTests" name="testing" time="0.001"/>
  <testcase classname="challenge.agave.tests.LimitTestingTests" name="testing" time="0.001"/>
  <testcase classname="challenge.agave.tests.LimitTestingTests" name="testing" time="0.001"/>
  <testcase classname="challenge.agave.tests.LimitTestingTests" name="testing" time="0.001"/>
  <testcase classname="challenge.agave.tests.LimitTestingTests" name="testing" time="0.001"/>
  <testcase classname="challenge.agave.tests.LimitTestingTests" name="testing" time="0.001"/>
  <testcase classname="challenge.agave.tests.LimitTestingTests" name="testing" time="0.001"/>
  <testcase classname="challenge.agave.tests.LimitTestingTests" name="testing" time="0.001"/>
  <testcase classname="challenge.agave.tests.LimitTestingTests" name="testing" time="0.001"/>
  <testcase classname="challenge.agave.tests.LimitTestingTests" name="testing" time="0.002"/>
</testsuite> <!-- Default test -->
