<?xml version="1.0" encoding="UTF-8"?>
<testng-results ignored="0" total="14" passed="14" failed="0" skipped="0">
  <reporter-output>
  </reporter-output>
  <suite started-at="2020-11-26T15:08:09 CST" name="Default suite" finished-at="2020-11-26T15:08:09 CST" duration-ms="62">
    <groups>
    </groups>
    <test started-at="2020-11-26T15:08:09 CST" name="Default test" finished-at="2020-11-26T15:08:09 CST" duration-ms="62">
      <class name="challenge.agave.tests.LimitTestingTests">
        <test-method signature="testing(java.lang.Object)[pri:0, instance:challenge.agave.tests.LimitTestingTests@71e9ddb4]" started-at="2020-11-26T15:08:09 CST" name="testing" data-provider="ages" finished-at="2020-11-26T15:08:09 CST" duration-ms="5" status="PASS">
          <params>
            <param index="0">
              <value>
                <![CDATA[-1]]>
              </value>
            </param>
          </params>
          <reporter-output>
          </reporter-output>
        </test-method> <!-- testing -->
        <test-method signature="testing(java.lang.Object)[pri:0, instance:challenge.agave.tests.LimitTestingTests@71e9ddb4]" started-at="2020-11-26T15:08:09 CST" name="testing" data-provider="ages" finished-at="2020-11-26T15:08:09 CST" duration-ms="1" status="PASS">
          <params>
            <param index="0">
              <value>
                <![CDATA[1]]>
              </value>
            </param>
          </params>
          <reporter-output>
          </reporter-output>
        </test-method> <!-- testing -->
        <test-method signature="testing(java.lang.Object)[pri:0, instance:challenge.agave.tests.LimitTestingTests@71e9ddb4]" started-at="2020-11-26T15:08:09 CST" name="testing" data-provider="ages" finished-at="2020-11-26T15:08:09 CST" duration-ms="1" status="PASS">
          <params>
            <param index="0">
              <value is-null="true"/>
            </param>
          </params>
          <reporter-output>
          </reporter-output>
        </test-method> <!-- testing -->
        <test-method signature="testing(java.lang.Object)[pri:0, instance:challenge.agave.tests.LimitTestingTests@71e9ddb4]" started-at="2020-11-26T15:08:09 CST" name="testing" data-provider="ages" finished-at="2020-11-26T15:08:09 CST" duration-ms="1" status="PASS">
          <params>
            <param index="0">
              <value>
                <![CDATA[]]>
              </value>
            </param>
          </params>
          <reporter-output>
          </reporter-output>
        </test-method> <!-- testing -->
        <test-method signature="testing(java.lang.Object)[pri:0, instance:challenge.agave.tests.LimitTestingTests@71e9ddb4]" started-at="2020-11-26T15:08:09 CST" name="testing" data-provider="ages" finished-at="2020-11-26T15:08:09 CST" duration-ms="1" status="PASS">
          <params>
            <param index="0">
              <value>
                <![CDATA[1]]>
              </value>
            </param>
          </params>
          <reporter-output>
          </reporter-output>
        </test-method> <!-- testing -->
        <test-method signature="testing(java.lang.Object)[pri:0, instance:challenge.agave.tests.LimitTestingTests@71e9ddb4]" started-at="2020-11-26T15:08:09 CST" name="testing" data-provider="ages" finished-at="2020-11-26T15:08:09 CST" duration-ms="0" status="PASS">
          <params>
            <param index="0">
              <value>
                <![CDATA[4]]>
              </value>
            </param>
          </params>
          <reporter-output>
          </reporter-output>
        </test-method> <!-- testing -->
        <test-method signature="testing(java.lang.Object)[pri:0, instance:challenge.agave.tests.LimitTestingTests@71e9ddb4]" started-at="2020-11-26T15:08:09 CST" name="testing" data-provider="ages" finished-at="2020-11-26T15:08:09 CST" duration-ms="1" status="PASS">
          <params>
            <param index="0">
              <value>
                <![CDATA[5]]>
              </value>
            </param>
          </params>
          <reporter-output>
          </reporter-output>
        </test-method> <!-- testing -->
        <test-method signature="testing(java.lang.Object)[pri:0, instance:challenge.agave.tests.LimitTestingTests@71e9ddb4]" started-at="2020-11-26T15:08:09 CST" name="testing" data-provider="ages" finished-at="2020-11-26T15:08:09 CST" duration-ms="1" status="PASS">
          <params>
            <param index="0">
              <value>
                <![CDATA[6]]>
              </value>
            </param>
          </params>
          <reporter-output>
          </reporter-output>
        </test-method> <!-- testing -->
        <test-method signature="testing(java.lang.Object)[pri:0, instance:challenge.agave.tests.LimitTestingTests@71e9ddb4]" started-at="2020-11-26T15:08:09 CST" name="testing" data-provider="ages" finished-at="2020-11-26T15:08:09 CST" duration-ms="0" status="PASS">
          <params>
            <param index="0">
              <value>
                <![CDATA[17]]>
              </value>
            </param>
          </params>
          <reporter-output>
          </reporter-output>
        </test-method> <!-- testing -->
        <test-method signature="testing(java.lang.Object)[pri:0, instance:challenge.agave.tests.LimitTestingTests@71e9ddb4]" started-at="2020-11-26T15:08:09 CST" name="testing" data-provider="ages" finished-at="2020-11-26T15:08:09 CST" duration-ms="1" status="PASS">
          <params>
            <param index="0">
              <value>
                <![CDATA[18]]>
              </value>
            </param>
          </params>
          <reporter-output>
          </reporter-output>
        </test-method> <!-- testing -->
        <test-method signature="testing(java.lang.Object)[pri:0, instance:challenge.agave.tests.LimitTestingTests@71e9ddb4]" started-at="2020-11-26T15:08:09 CST" name="testing" data-provider="ages" finished-at="2020-11-26T15:08:09 CST" duration-ms="1" status="PASS">
          <params>
            <param index="0">
              <value>
                <![CDATA[59]]>
              </value>
            </param>
          </params>
          <reporter-output>
          </reporter-output>
        </test-method> <!-- testing -->
        <test-method signature="testing(java.lang.Object)[pri:0, instance:challenge.agave.tests.LimitTestingTests@71e9ddb4]" started-at="2020-11-26T15:08:09 CST" name="testing" data-provider="ages" finished-at="2020-11-26T15:08:09 CST" duration-ms="0" status="PASS">
          <params>
            <param index="0">
              <value>
                <![CDATA[60]]>
              </value>
            </param>
          </params>
          <reporter-output>
          </reporter-output>
        </test-method> <!-- testing -->
        <test-method signature="testing(java.lang.Object)[pri:0, instance:challenge.agave.tests.LimitTestingTests@71e9ddb4]" started-at="2020-11-26T15:08:09 CST" name="testing" data-provider="ages" finished-at="2020-11-26T15:08:09 CST" duration-ms="1" status="PASS">
          <params>
            <param index="0">
              <value>
                <![CDATA[10000]]>
              </value>
            </param>
          </params>
          <reporter-output>
          </reporter-output>
        </test-method> <!-- testing -->
        <test-method signature="testing(java.lang.Object)[pri:0, instance:challenge.agave.tests.LimitTestingTests@71e9ddb4]" started-at="2020-11-26T15:08:09 CST" name="testing" data-provider="ages" finished-at="2020-11-26T15:08:09 CST" duration-ms="2" status="PASS">
          <params>
            <param index="0">
              <value>
                <![CDATA[0]]>
              </value>
            </param>
          </params>
          <reporter-output>
          </reporter-output>
        </test-method> <!-- testing -->
      </class> <!-- challenge.agave.tests.LimitTestingTests -->
    </test> <!-- Default test -->
  </suite> <!-- Default suite -->
</testng-results>
